  Reading Qt configuration (C:/Qt/Qt5.14.1/5.14.1/msvc2017_64/bin/qmake)
  Generate moc_predefs.h
  Moc'ing appender.h...
  Moc'ing appenderskeleton.h...
  Moc'ing asyncappender.h...
  Moc'ing varia\binaryeventfilter.h...
  Moc'ing binaryfileappender.h...
  Moc'ing binarylayout.h...
  Moc'ing binarylogger.h...
  Moc'ing binarytotextlayout.h...
  Moc'ing binarywriterappender.h...
  Moc'ing colorconsoleappender.h...
  Moc'ing helpers\configuratorhelper.h...
  Moc'ing consoleappender.h...
  Moc'ing dailyfileappender.h...
  Moc'ing dailyrollingfileappender.h...
  Moc'ing varia\debugappender.h...
  Moc'ing varia\denyallfilter.h...
  Moc'ing helpers\dispatcher.h...
  Moc'ing fileappender.h...
  Moc'ing spi\filter.h...
  Moc'ing layout.h...
  Moc'ing varia\levelmatchfilter.h...
  Moc'ing varia\levelrangefilter.h...
  Moc'ing varia\listappender.h...
  Moc'ing logger.h...
  Moc'ing mainthreadappender.h...
  Moc'ing varia\nullappender.h...
  Moc'ing patternlayout.h...
  Moc'ing qmllogger.h...
  Moc'ing rollingbinaryfileappender.h...
  Moc'ing rollingfileappender.h...
  Moc'ing signalappender.h...
  Moc'ing simplelayout.h...
  Moc'ing simpletimelayout.h...
  Moc'ing varia\stringmatchfilter.h...
  Moc'ing systemlogappender.h...
  Moc'ing telnetappender.h...
  Moc'ing ttcclayout.h...
  Moc'ing wdcappender.h...
  Moc'ing writerappender.h...
  Moc'ing xmllayout.h...
  appender.cpp
  appenderattachable.cpp
  appenderskeleton.cpp
  asyncappender.cpp
  basicconfigurator.cpp
  binaryclasslogger.cpp
  binaryeventfilter.cpp
  binaryfileappender.cpp
  binarylayout.cpp
  binarylogger.cpp
  binaryloggingevent.cpp
  binarylogstream.cpp
  binarytotextlayout.cpp
  binarywriterappender.cpp
  classlogger.cpp
  colorconsoleappender.cpp
  configuratorhelper.cpp
  consoleappender.cpp
  dailyfileappender.cpp
  dailyrollingfileappender.cpp
  datetime.cpp
  debugappender.cpp
  denyallfilter.cpp
  dispatcher.cpp
  factory.cpp
  fileappender.cpp
  filter.cpp
  hierarchy.cpp
  initialisationhelper.cpp
  layout.cpp
  level.cpp
  levelmatchfilter.cpp
  levelrangefilter.cpp
  listappender.cpp
  logerror.cpp
  logger.cpp
  loggerrepository.cpp
  loggingevent.cpp
  logmanager.cpp
  logstream.cpp
  mainthreadappender.cpp
  mdc.cpp
  ndc.cpp
  nullappender.cpp
  optionconverter.cpp
  patternformatter.cpp
  patternlayout.cpp
  properties.cpp
  propertyconfigurator.cpp
  qmllogger.cpp
  rollingbinaryfileappender.cpp
  rollingfileappender.cpp
  signalappender.cpp
  simplelayout.cpp
  simpletimelayout.cpp
  stringmatchfilter.cpp
  systemlogappender.cpp
  telnetappender.cpp
  ttcclayout.cpp
  wdcappender.cpp
  writerappender.cpp
  xmllayout.cpp
    正在创建库 ..\..\bin\\log4qt.lib 和对象 ..\..\bin\\log4qt.exp
  log4qt.vcxproj -> C:\Users\admin\Downloads\Log4Qt-1.5.1\src\log4qt\..\..\bin\log4qt.dll
