  apr_atomic.c
  dso.c
  copy.c
  fileacc.c
  filepath_util.c
  fullrw.c
  mktemp.c
  tempdir.c
  dir.c
  filedup.c
  filepath.c
  filestat.c
  filesys.c
  flock.c
  open.c
  pipe.c
  readwrite.c
  seek.c
  proc_mutex.c
  thread_cond.c
  正在生成代码...
  正在编译...
  thread_mutex.c
  thread_rwlock.c
  apr_pools.c
  errorcodes.c
  getopt.c
  otherchild.c
  version.c
  charset.c
c:\users\admin\downloads\log4cxx\apr\misc\win32\charset.c(36): warning C4013: “GetThreadLocale”未定义；假设外部返回 int
  env.c
  internal.c
  misc.c
c:\users\admin\downloads\log4cxx\apr\misc\win32\misc.c(236): warning C4477: “sprintf”: 格式字符串“%08x”需要类型“unsigned int”的参数，但可变参数 1 拥有了类型“DWORD *”
  rand.c
  start.c
  utf8.c
  common.c
  mmap.c
  inet_ntop.c
  inet_pton.c
  multicast.c
  sockaddr.c
  正在生成代码...
  正在编译...
  sendrecv.c
  sockets.c
  sockopt.c
  apr_getpass.c
  select.c
  apr_random.c
  sha2.c
  sha2_glue.c
  shm.c
  apr_cpystrn.c
  apr_fnmatch.c
  apr_snprintf.c
  apr_strings.c
  apr_strnatcmp.c
  apr_strtok.c
  apr_hash.c
  apr_tables.c
  proc.c
  signals.c
  thread.c
  正在生成代码...
  正在编译...
  threadpriv.c
  access.c
  time.c
  timestr.c
  groupinfo.c
  userinfo.c
  正在生成代码...
C:\Program Files (x86)\Microsoft Visual Studio\2017\Professional\Common7\IDE\VC\VCTargets\Microsoft.CppBuild.targets(1397,5): warning MSB8012: TargetPath(C:\Users\admin\Downloads\log4cxx\apr\.\LibD\apr.lib) 与 Library 的 OutputFile 属性值(C:\Users\admin\Downloads\log4cxx\apr\LibD\apr-1.lib)不匹配。这可能导致项目生成不正确。若要更正此问题，请确保 $(OutDir)、$(TargetName) 和 $(TargetExt) 属性值与 %(Lib.OutputFile) 中指定的值匹配。
C:\Program Files (x86)\Microsoft Visual Studio\2017\Professional\Common7\IDE\VC\VCTargets\Microsoft.CppBuild.targets(1399,5): warning MSB8012: TargetName(apr) 与 Library 的 OutputFile 属性值(apr-1)不匹配。这可能导致项目生成不正确。若要更正此问题，请确保 $(OutDir)、$(TargetName) 和 $(TargetExt) 属性值与 %(Lib.OutputFile) 中指定的值匹配。
  apr.vcxproj -> C:\Users\admin\Downloads\log4cxx\apr\.\LibD\apr.lib
